<?xml version="1.0" encoding="UTF-8"?>
<!-- Generated by org.testng.reporters.JUnitXMLReporter -->
<testsuite hostname="Num30-PC" name="Default test" tests="10" failures="0" timestamp="29 Feb 2016 03:24:07 GMT" time="0.052" errors="0">
  <testcase name="cat" time="0.005" classname="demo.selenium.order.Grouping"/>
  <testcase name="dog" time="0.0" classname="demo.selenium.order.Grouping"/>
  <testcase name="feeder" time="0.002" classname="demo.selenium.order.Grouping"/>
  <testcase name="student" time="0.001" classname="demo.selenium.order.Grouping"/>
  <testcase name="teacher" time="0.001" classname="demo.selenium.order.Grouping"/>
  <testcase name="test1" time="0.002" classname="demo.selenium.order.TestOrder"/>
  <testcase name="test2" time="0.001" classname="demo.selenium.order.TestOrder"/>
  <testcase name="openBrowser" time="0.002" classname="demo.selenium.order.DependentTest"/>
  <testcase name="signin" time="0.001" classname="demo.selenium.order.DependentTest"/>
  <testcase name="logout" time="0.001" classname="demo.selenium.order.DependentTest"/>
</testsuite> <!-- Default test -->
