<?xml version="1.0" encoding="UTF-8"?>
<testng-results skipped="0" failed="0" total="10" passed="10">
  <reporter-output>
  </reporter-output>
  <suite name="Default suite" duration-ms="52" started-at="2016-02-29T03:24:07Z" finished-at="2016-02-29T03:24:07Z">
    <groups>
      <group name="animal">
        <method signature="Grouping.cat()[pri:0, instance:demo.selenium.order.Grouping@282ba1e]" name="cat" class="demo.selenium.order.Grouping"/>
        <method signature="Grouping.dog()[pri:0, instance:demo.selenium.order.Grouping@282ba1e]" name="dog" class="demo.selenium.order.Grouping"/>
        <method signature="Grouping.feeder()[pri:0, instance:demo.selenium.order.Grouping@282ba1e]" name="feeder" class="demo.selenium.order.Grouping"/>
      </group> <!-- animal -->
      <group name="people">
        <method signature="Grouping.feeder()[pri:0, instance:demo.selenium.order.Grouping@282ba1e]" name="feeder" class="demo.selenium.order.Grouping"/>
        <method signature="Grouping.student()[pri:0, instance:demo.selenium.order.Grouping@282ba1e]" name="student" class="demo.selenium.order.Grouping"/>
        <method signature="Grouping.teacher()[pri:0, instance:demo.selenium.order.Grouping@282ba1e]" name="teacher" class="demo.selenium.order.Grouping"/>
      </group> <!-- people -->
    </groups>
    <test name="Default test" duration-ms="52" started-at="2016-02-29T03:24:07Z" finished-at="2016-02-29T03:24:07Z">
      <class name="demo.selenium.order.TestOrder">
        <test-method status="PASS" signature="beforeSuite()[pri:0, instance:demo.selenium.order.TestOrder@75412c2f]" name="beforeSuite" is-config="true" duration-ms="13" started-at="2016-02-29T11:24:07Z" finished-at="2016-02-29T11:24:07Z">
          <reporter-output>
          </reporter-output>
        </test-method> <!-- beforeSuite -->
        <test-method status="PASS" signature="beforeTest()[pri:0, instance:demo.selenium.order.TestOrder@75412c2f]" name="beforeTest" is-config="true" duration-ms="0" started-at="2016-02-29T11:24:07Z" finished-at="2016-02-29T11:24:07Z">
          <reporter-output>
          </reporter-output>
        </test-method> <!-- beforeTest -->
        <test-method status="PASS" signature="beforeClass()[pri:0, instance:demo.selenium.order.TestOrder@75412c2f]" name="beforeClass" is-config="true" duration-ms="0" started-at="2016-02-29T11:24:07Z" finished-at="2016-02-29T11:24:07Z">
          <reporter-output>
          </reporter-output>
        </test-method> <!-- beforeClass -->
        <test-method status="PASS" signature="test1()[pri:0, instance:demo.selenium.order.TestOrder@75412c2f]" name="test1" duration-ms="2" started-at="2016-02-29T11:24:07Z" finished-at="2016-02-29T11:24:07Z">
          <reporter-output>
          </reporter-output>
        </test-method> <!-- test1 -->
        <test-method status="PASS" signature="beforeMethod()[pri:0, instance:demo.selenium.order.TestOrder@75412c2f]" name="beforeMethod" is-config="true" duration-ms="0" started-at="2016-02-29T11:24:07Z" finished-at="2016-02-29T11:24:07Z">
          <reporter-output>
          </reporter-output>
        </test-method> <!-- beforeMethod -->
        <test-method status="PASS" signature="afterMethod()[pri:0, instance:demo.selenium.order.TestOrder@75412c2f]" name="afterMethod" is-config="true" duration-ms="0" started-at="2016-02-29T11:24:07Z" finished-at="2016-02-29T11:24:07Z">
          <reporter-output>
          </reporter-output>
        </test-method> <!-- afterMethod -->
        <test-method status="PASS" signature="beforeMethod()[pri:0, instance:demo.selenium.order.TestOrder@75412c2f]" name="beforeMethod" is-config="true" duration-ms="0" started-at="2016-02-29T11:24:07Z" finished-at="2016-02-29T11:24:07Z">
          <reporter-output>
          </reporter-output>
        </test-method> <!-- beforeMethod -->
        <test-method status="PASS" signature="test2()[pri:0, instance:demo.selenium.order.TestOrder@75412c2f]" name="test2" duration-ms="1" started-at="2016-02-29T11:24:07Z" finished-at="2016-02-29T11:24:07Z">
          <reporter-output>
          </reporter-output>
        </test-method> <!-- test2 -->
        <test-method status="PASS" signature="afterMethod()[pri:0, instance:demo.selenium.order.TestOrder@75412c2f]" name="afterMethod" is-config="true" duration-ms="1" started-at="2016-02-29T11:24:07Z" finished-at="2016-02-29T11:24:07Z">
          <reporter-output>
          </reporter-output>
        </test-method> <!-- afterMethod -->
        <test-method status="PASS" signature="afterClass()[pri:0, instance:demo.selenium.order.TestOrder@75412c2f]" name="afterClass" is-config="true" duration-ms="0" started-at="2016-02-29T11:24:07Z" finished-at="2016-02-29T11:24:07Z">
          <reporter-output>
          </reporter-output>
        </test-method> <!-- afterClass -->
        <test-method status="PASS" signature="afterTest()[pri:0, instance:demo.selenium.order.TestOrder@75412c2f]" name="afterTest" is-config="true" duration-ms="0" started-at="2016-02-29T11:24:07Z" finished-at="2016-02-29T11:24:07Z">
          <reporter-output>
          </reporter-output>
        </test-method> <!-- afterTest -->
        <test-method status="PASS" signature="afterSuite()[pri:0, instance:demo.selenium.order.TestOrder@75412c2f]" name="afterSuite" is-config="true" duration-ms="1" started-at="2016-02-29T11:24:07Z" finished-at="2016-02-29T11:24:07Z">
          <reporter-output>
          </reporter-output>
        </test-method> <!-- afterSuite -->
      </class> <!-- demo.selenium.order.TestOrder -->
      <class name="demo.selenium.order.Grouping">
        <test-method status="PASS" signature="cat()[pri:0, instance:demo.selenium.order.Grouping@282ba1e]" name="cat" duration-ms="5" started-at="2016-02-29T11:24:07Z" finished-at="2016-02-29T11:24:07Z">
          <reporter-output>
          </reporter-output>
        </test-method> <!-- cat -->
        <test-method status="PASS" signature="dog()[pri:0, instance:demo.selenium.order.Grouping@282ba1e]" name="dog" duration-ms="0" started-at="2016-02-29T11:24:07Z" finished-at="2016-02-29T11:24:07Z">
          <reporter-output>
          </reporter-output>
        </test-method> <!-- dog -->
        <test-method status="PASS" signature="feeder()[pri:0, instance:demo.selenium.order.Grouping@282ba1e]" name="feeder" duration-ms="2" started-at="2016-02-29T11:24:07Z" finished-at="2016-02-29T11:24:07Z">
          <reporter-output>
          </reporter-output>
        </test-method> <!-- feeder -->
        <test-method status="PASS" signature="student()[pri:0, instance:demo.selenium.order.Grouping@282ba1e]" name="student" duration-ms="1" started-at="2016-02-29T11:24:07Z" finished-at="2016-02-29T11:24:07Z">
          <reporter-output>
          </reporter-output>
        </test-method> <!-- student -->
        <test-method status="PASS" signature="teacher()[pri:0, instance:demo.selenium.order.Grouping@282ba1e]" name="teacher" duration-ms="1" started-at="2016-02-29T11:24:07Z" finished-at="2016-02-29T11:24:07Z">
          <reporter-output>
          </reporter-output>
        </test-method> <!-- teacher -->
      </class> <!-- demo.selenium.order.Grouping -->
      <class name="demo.selenium.order.DependentTest">
        <test-method status="PASS" signature="openBrowser()[pri:0, instance:demo.selenium.order.DependentTest@13b6d03]" name="openBrowser" duration-ms="2" started-at="2016-02-29T11:24:07Z" finished-at="2016-02-29T11:24:07Z">
          <reporter-output>
          </reporter-output>
        </test-method> <!-- openBrowser -->
        <test-method status="PASS" signature="signin()[pri:0, instance:demo.selenium.order.DependentTest@13b6d03]" name="signin" duration-ms="1" started-at="2016-02-29T11:24:07Z" depends-on-methods="demo.selenium.order.DependentTest.openBrowser" finished-at="2016-02-29T11:24:07Z">
          <reporter-output>
          </reporter-output>
        </test-method> <!-- signin -->
        <test-method status="PASS" signature="logout()[pri:0, instance:demo.selenium.order.DependentTest@13b6d03]" name="logout" duration-ms="1" started-at="2016-02-29T11:24:07Z" depends-on-methods="demo.selenium.order.DependentTest.signin" finished-at="2016-02-29T11:24:07Z">
          <reporter-output>
          </reporter-output>
        </test-method> <!-- logout -->
      </class> <!-- demo.selenium.order.DependentTest -->
    </test> <!-- Default test -->
  </suite> <!-- Default suite -->
</testng-results>
